sourcing C:\Microsemi\Libero_SoC_v11.7\Synplify\lib\message_override.tcl


Starting:    C:\Microsemi\Libero_SoC_v11.7\Synplify\bin64\mbin\synbatch.exe
Install:     C:\Microsemi\Libero_SoC_v11.7\Synplify
Hostname:    JIJEESH-PC
Date:        Mon May 02 15:02:28 2016
Version:     J-2015.03M-SP1-2

Arguments:   -product synplify_pro -licensetype synplifypro_actel -batch -log synplify.log top_8051_syn.tcl
ProductType: synplify_pro

License checkout: synplifypro_actel
License: synplifypro_actel node-locked 
Licensed Vendor: actel
License Option: actel_oem

Running in Vendor Mode


auto_infer_blackbox is not supported in current product.

log file: "C:\proj\dev-kits\m1afs-adv-dev-kit\Core8051s_ExtFlash_ExtSRAM\synthesis\top_8051.srr"

Running: synthesis in foreground



Running top_8051_syn|synthesis


Running: compile (Compile) on top_8051_syn|synthesis


Running: compile_flow (Compile Process) on top_8051_syn|synthesis


Running: compiler (Compile Input) on top_8051_syn|synthesis

Copied C:\proj\dev-kits\m1afs-adv-dev-kit\Core8051s_ExtFlash_ExtSRAM\synthesis\synwork\top_8051_comp.srs to C:\proj\dev-kits\m1afs-adv-dev-kit\Core8051s_ExtFlash_ExtSRAM\synthesis\top_8051.srs


compiler Completed
Return Code: 0
Run Time:0h:00m:02s


Running: multi_srs_gen (Multi-srs Generator) on top_8051_syn|synthesis

Copied C:\proj\dev-kits\m1afs-adv-dev-kit\Core8051s_ExtFlash_ExtSRAM\synthesis\synwork\top_8051_comp.srs to C:\proj\dev-kits\m1afs-adv-dev-kit\Core8051s_ExtFlash_ExtSRAM\synthesis\synwork\top_8051_s.srs


multi_srs_gen Completed
Return Code: 0
Run Time:0h:00m:01s

Copied C:\proj\dev-kits\m1afs-adv-dev-kit\Core8051s_ExtFlash_ExtSRAM\synthesis\synwork\top_8051_mult.srs to C:\proj\dev-kits\m1afs-adv-dev-kit\Core8051s_ExtFlash_ExtSRAM\synthesis\top_8051.srs

Complete: Compile Process on top_8051_syn|synthesis


Running: premap (Pre-mapping) on top_8051_syn|synthesis

Copied C:\proj\dev-kits\m1afs-adv-dev-kit\Core8051s_ExtFlash_ExtSRAM\synthesis\top_8051.sap to C:\proj\dev-kits\m1afs-adv-dev-kit\Core8051s_ExtFlash_ExtSRAM\synthesis\synwork\top_8051_s.sap

Copied C:\proj\dev-kits\m1afs-adv-dev-kit\Core8051s_ExtFlash_ExtSRAM\synthesis\top_8051.fse to C:\proj\dev-kits\m1afs-adv-dev-kit\Core8051s_ExtFlash_ExtSRAM\synthesis\synwork\top_8051_s.fse


premap Completed with warnings
Return Code: 1
Run Time:0h:00m:01s

Complete: Compile on top_8051_syn|synthesis


Running: map (Map) on top_8051_syn|synthesis


Running: fpga_mapper (Map & Optimize) on top_8051_syn|synthesis

Copied C:\proj\dev-kits\m1afs-adv-dev-kit\Core8051s_ExtFlash_ExtSRAM\synthesis\synwork\top_8051_m.srm to C:\proj\dev-kits\m1afs-adv-dev-kit\Core8051s_ExtFlash_ExtSRAM\synthesis\top_8051.srm


fpga_mapper Completed with warnings
Return Code: 1
Run Time:0h:00m:52s

Complete: Map on top_8051_syn|synthesis

Complete: Logic Synthesis on top_8051_syn|synthesis

TCL script complete: "top_8051_syn.tcl"

exit status=0

exit status=0

License checkin: synplifypro_actel

