=====================================================================
Parameters used to run compile:
===============================

Family      : Fusion
Device      : M1AFS1500
Package     : 484 FBGA
Source      :
D:\jijeesh\Reference\Core8051\Core8051_Core1553RT\External_Flash-Example\Core8051_Ext_SRAM_Int_\
XData\synthesis\top_8051.edn

D:\jijeesh\Reference\Core8051\Core8051_Core1553RT\External_Flash-Example\Core8051_Ext_SRAM_Int_\
XData\component\work\top_8051\top_8051.pdc

D:\jijeesh\Reference\Core8051\Core8051_Core1553RT\External_Flash-Example\Core8051_Ext_SRAM_Int_\
XData\synthesis\top_8051_sdc.sdc
Format      : EDIF
Topcell     : top_8051
Speed grade : -2
Temp        : 0:25:70
Voltage     : 1.58:1.50:1.42

Keep Existing Physical Constraints : No
Keep Existing Timing Constraints   : Yes

pdc_abort_on_error                 : Yes
pdc_eco_display_unmatched_objects  : No
pdc_eco_max_warnings               : 10000

demote_globals                     : No
promote_globals                    : No
localclock_max_shared_instances    : 12
localclock_buffer_tree_max_fanout  : 12

combine_register                   : No
delete_buffer_tree                 : No

report_high_fanout_nets_limit      : 10

=====================================================================
Compile starts ...

Info: BLK007: No CoreConsole Database file imported for an M1 device.
Warning: CMP201: Net memory_mux_0/XDATA/RAM4Kx8_R0C3_DOUTA0 drives no load.
Warning: CMP201: Net memory_mux_0/XDATA/RAM4Kx8_R0C3_DOUTA1 drives no load.
Warning: CMP201: Net memory_mux_0/XDATA/RAM4Kx8_R0C3_DOUTA2 drives no load.
Warning: CMP201: Net memory_mux_0/XDATA/RAM4Kx8_R0C3_DOUTA3 drives no load.
Warning: CMP201: Net memory_mux_0/XDATA/RAM4Kx8_R0C3_DOUTA4 drives no load.
Warning: CMP201: Net memory_mux_0/XDATA/RAM4Kx8_R0C3_DOUTA5 drives no load.
Warning: CMP201: Net memory_mux_0/XDATA/RAM4Kx8_R0C3_DOUTA6 drives no load.
Warning: CMP201: Net memory_mux_0/XDATA/RAM4Kx8_R0C3_DOUTA7 drives no load.
Warning: CMP201: Net memory_mux_0/XDATA/RAM4Kx8_R0C3_DOUTA8 drives no load.
Warning: CMP201: Net memory_mux_0/XDATA/RAM4Kx8_R0C3_DOUTB1 drives no load.
Warning: CMP201: Net memory_mux_0/XDATA/RAM4Kx8_R0C3_DOUTB2 drives no load.
Warning: CMP201: Net memory_mux_0/XDATA/RAM4Kx8_R0C3_DOUTB3 drives no load.
Warning: CMP201: Net memory_mux_0/XDATA/RAM4Kx8_R0C3_DOUTB4 drives no load.
Warning: CMP201: Net memory_mux_0/XDATA/RAM4Kx8_R0C3_DOUTB5 drives no load.
Warning: CMP201: Net memory_mux_0/XDATA/RAM4Kx8_R0C3_DOUTB6 drives no load.
Warning: CMP201: Net memory_mux_0/XDATA/RAM4Kx8_R0C3_DOUTB7 drives no load.
Warning: CMP201: Net memory_mux_0/XDATA/RAM4Kx8_R0C3_DOUTB8 drives no load.
Warning: CMP201: Net memory_mux_0/XDATA/RAM4Kx8_R0C2_DOUTA0 drives no load.
Warning: CMP201: Net memory_mux_0/XDATA/RAM4Kx8_R0C2_DOUTA1 drives no load.
Warning: CMP201: Net memory_mux_0/XDATA/RAM4Kx8_R0C2_DOUTA2 drives no load.
Warning: CMP201: Net memory_mux_0/XDATA/RAM4Kx8_R0C2_DOUTA3 drives no load.
Warning: CMP201: Net memory_mux_0/XDATA/RAM4Kx8_R0C2_DOUTA4 drives no load.
Warning: CMP201: Net memory_mux_0/XDATA/RAM4Kx8_R0C2_DOUTA5 drives no load.
Warning: CMP201: Net memory_mux_0/XDATA/RAM4Kx8_R0C2_DOUTA6 drives no load.
Warning: CMP201: Net memory_mux_0/XDATA/RAM4Kx8_R0C2_DOUTA7 drives no load.
Warning: CMP201: Net memory_mux_0/XDATA/RAM4Kx8_R0C2_DOUTA8 drives no load.
Warning: CMP201: Net memory_mux_0/XDATA/RAM4Kx8_R0C2_DOUTB1 drives no load.
Warning: CMP201: Net memory_mux_0/XDATA/RAM4Kx8_R0C2_DOUTB2 drives no load.
Warning: CMP201: Net memory_mux_0/XDATA/RAM4Kx8_R0C2_DOUTB3 drives no load.
Warning: CMP201: Net memory_mux_0/XDATA/RAM4Kx8_R0C2_DOUTB4 drives no load.
Warning: CMP201: Net memory_mux_0/XDATA/RAM4Kx8_R0C2_DOUTB5 drives no load.
Warning: CMP201: Net memory_mux_0/XDATA/RAM4Kx8_R0C2_DOUTB6 drives no load.
Warning: CMP201: Net memory_mux_0/XDATA/RAM4Kx8_R0C2_DOUTB7 drives no load.
Warning: CMP201: Net memory_mux_0/XDATA/RAM4Kx8_R0C2_DOUTB8 drives no load.
Warning: CMP201: Net memory_mux_0/XDATA/RAM4Kx8_R0C4_DOUTA0 drives no load.
Warning: CMP201: Net memory_mux_0/XDATA/RAM4Kx8_R0C4_DOUTA1 drives no load.
Warning: CMP201: Net memory_mux_0/XDATA/RAM4Kx8_R0C4_DOUTA2 drives no load.
Warning: CMP201: Net memory_mux_0/XDATA/RAM4Kx8_R0C4_DOUTA3 drives no load.
Warning: CMP201: Net memory_mux_0/XDATA/RAM4Kx8_R0C4_DOUTA4 drives no load.
Warning: CMP201: Net memory_mux_0/XDATA/RAM4Kx8_R0C4_DOUTA5 drives no load.
Warning: CMP201: Net memory_mux_0/XDATA/RAM4Kx8_R0C4_DOUTA6 drives no load.
Warning: CMP201: Net memory_mux_0/XDATA/RAM4Kx8_R0C4_DOUTA7 drives no load.
Warning: CMP201: Net memory_mux_0/XDATA/RAM4Kx8_R0C4_DOUTA8 drives no load.
Warning: CMP201: Net memory_mux_0/XDATA/RAM4Kx8_R0C4_DOUTB1 drives no load.
Warning: CMP201: Net memory_mux_0/XDATA/RAM4Kx8_R0C4_DOUTB2 drives no load.
Warning: CMP201: Net memory_mux_0/XDATA/RAM4Kx8_R0C4_DOUTB3 drives no load.
Warning: CMP201: Net memory_mux_0/XDATA/RAM4Kx8_R0C4_DOUTB4 drives no load.
Warning: CMP201: Net memory_mux_0/XDATA/RAM4Kx8_R0C4_DOUTB5 drives no load.
Warning: CMP201: Net memory_mux_0/XDATA/RAM4Kx8_R0C4_DOUTB6 drives no load.
Warning: CMP201: Net memory_mux_0/XDATA/RAM4Kx8_R0C4_DOUTB7 drives no load.
Warning: CMP201: Net memory_mux_0/XDATA/RAM4Kx8_R0C4_DOUTB8 drives no load.
Warning: CMP201: Net memory_mux_0/XDATA/RAM4Kx8_R0C5_DOUTA0 drives no load.
Warning: CMP201: Net memory_mux_0/XDATA/RAM4Kx8_R0C5_DOUTA1 drives no load.
Warning: CMP201: Net memory_mux_0/XDATA/RAM4Kx8_R0C5_DOUTA2 drives no load.
Warning: CMP201: Net memory_mux_0/XDATA/RAM4Kx8_R0C5_DOUTA3 drives no load.
Warning: CMP201: Net memory_mux_0/XDATA/RAM4Kx8_R0C5_DOUTA4 drives no load.
Warning: CMP201: Net memory_mux_0/XDATA/RAM4Kx8_R0C5_DOUTA5 drives no load.
Warning: CMP201: Net memory_mux_0/XDATA/RAM4Kx8_R0C5_DOUTA6 drives no load.
Warning: CMP201: Net memory_mux_0/XDATA/RAM4Kx8_R0C5_DOUTA7 drives no load.
Warning: CMP201: Net memory_mux_0/XDATA/RAM4Kx8_R0C5_DOUTA8 drives no load.
Warning: CMP201: Net memory_mux_0/XDATA/RAM4Kx8_R0C5_DOUTB1 drives no load.
Warning: CMP201: Net memory_mux_0/XDATA/RAM4Kx8_R0C5_DOUTB2 drives no load.
Warning: CMP201: Net memory_mux_0/XDATA/RAM4Kx8_R0C5_DOUTB3 drives no load.
Warning: CMP201: Net memory_mux_0/XDATA/RAM4Kx8_R0C5_DOUTB4 drives no load.
Warning: CMP201: Net memory_mux_0/XDATA/RAM4Kx8_R0C5_DOUTB5 drives no load.
Warning: CMP201: Net memory_mux_0/XDATA/RAM4Kx8_R0C5_DOUTB6 drives no load.
Warning: CMP201: Net memory_mux_0/XDATA/RAM4Kx8_R0C5_DOUTB7 drives no load.
Warning: CMP201: Net memory_mux_0/XDATA/RAM4Kx8_R0C5_DOUTB8 drives no load.
Warning: CMP201: Net memory_mux_0/XDATA/RAM4Kx8_R0C1_DOUTA0 drives no load.
Warning: CMP201: Net memory_mux_0/XDATA/RAM4Kx8_R0C1_DOUTA1 drives no load.
Warning: CMP201: Net memory_mux_0/XDATA/RAM4Kx8_R0C1_DOUTA2 drives no load.
Warning: CMP201: Net memory_mux_0/XDATA/RAM4Kx8_R0C1_DOUTA3 drives no load.
Warning: CMP201: Net memory_mux_0/XDATA/RAM4Kx8_R0C1_DOUTA4 drives no load.
Warning: CMP201: Net memory_mux_0/XDATA/RAM4Kx8_R0C1_DOUTA5 drives no load.
Warning: CMP201: Net memory_mux_0/XDATA/RAM4Kx8_R0C1_DOUTA6 drives no load.
Warning: CMP201: Net memory_mux_0/XDATA/RAM4Kx8_R0C1_DOUTA7 drives no load.
Warning: CMP201: Net memory_mux_0/XDATA/RAM4Kx8_R0C1_DOUTA8 drives no load.
Warning: CMP201: Net memory_mux_0/XDATA/RAM4Kx8_R0C1_DOUTB1 drives no load.
Warning: CMP201: Net memory_mux_0/XDATA/RAM4Kx8_R0C1_DOUTB2 drives no load.
Warning: CMP201: Net memory_mux_0/XDATA/RAM4Kx8_R0C1_DOUTB3 drives no load.
Warning: CMP201: Net memory_mux_0/XDATA/RAM4Kx8_R0C1_DOUTB4 drives no load.
Warning: CMP201: Net memory_mux_0/XDATA/RAM4Kx8_R0C1_DOUTB5 drives no load.
Warning: CMP201: Net memory_mux_0/XDATA/RAM4Kx8_R0C1_DOUTB6 drives no load.
Warning: CMP201: Net memory_mux_0/XDATA/RAM4Kx8_R0C1_DOUTB7 drives no load.
Warning: CMP201: Net memory_mux_0/XDATA/RAM4Kx8_R0C1_DOUTB8 drives no load.
Warning: CMP201: Net memory_mux_0/XDATA/RAM4Kx8_R0C7_DOUTA0 drives no load.
Warning: CMP201: Net memory_mux_0/XDATA/RAM4Kx8_R0C7_DOUTA1 drives no load.
Warning: CMP201: Net memory_mux_0/XDATA/RAM4Kx8_R0C7_DOUTA2 drives no load.
Warning: CMP201: Net memory_mux_0/XDATA/RAM4Kx8_R0C7_DOUTA3 drives no load.
Warning: CMP201: Net memory_mux_0/XDATA/RAM4Kx8_R0C7_DOUTA4 drives no load.
Warning: CMP201: Net memory_mux_0/XDATA/RAM4Kx8_R0C7_DOUTA5 drives no load.
Warning: CMP201: Net memory_mux_0/XDATA/RAM4Kx8_R0C7_DOUTA6 drives no load.
Warning: CMP201: Net memory_mux_0/XDATA/RAM4Kx8_R0C7_DOUTA7 drives no load.
Warning: CMP201: Net memory_mux_0/XDATA/RAM4Kx8_R0C7_DOUTA8 drives no load.
Warning: CMP201: Net memory_mux_0/XDATA/RAM4Kx8_R0C7_DOUTB1 drives no load.
Warning: CMP201: Net memory_mux_0/XDATA/RAM4Kx8_R0C7_DOUTB2 drives no load.
Warning: CMP201: Net memory_mux_0/XDATA/RAM4Kx8_R0C7_DOUTB3 drives no load.
Warning: CMP201: Net memory_mux_0/XDATA/RAM4Kx8_R0C7_DOUTB4 drives no load.
Warning: CMP201: Net memory_mux_0/XDATA/RAM4Kx8_R0C7_DOUTB5 drives no load.
Warning: CMP201: Net memory_mux_0/XDATA/RAM4Kx8_R0C7_DOUTB6 drives no load.
Warning: CMP201: Net memory_mux_0/XDATA/RAM4Kx8_R0C7_DOUTB7 drives no load.
Warning: CMP201: Net memory_mux_0/XDATA/RAM4Kx8_R0C7_DOUTB8 drives no load.
Warning: CMP201: Net memory_mux_0/XDATA/RAM4Kx8_R0C6_DOUTA0 drives no load.
Warning: CMP201: Net memory_mux_0/XDATA/RAM4Kx8_R0C6_DOUTA1 drives no load.
Warning: CMP201: Net memory_mux_0/XDATA/RAM4Kx8_R0C6_DOUTA2 drives no load.
Warning: CMP201: Net memory_mux_0/XDATA/RAM4Kx8_R0C6_DOUTA3 drives no load.
Warning: CMP201: Net memory_mux_0/XDATA/RAM4Kx8_R0C6_DOUTA4 drives no load.
Warning: CMP201: Net memory_mux_0/XDATA/RAM4Kx8_R0C6_DOUTA5 drives no load.
Warning: CMP201: Net memory_mux_0/XDATA/RAM4Kx8_R0C6_DOUTA6 drives no load.
Warning: CMP201: Net memory_mux_0/XDATA/RAM4Kx8_R0C6_DOUTA7 drives no load.
Warning: CMP201: Net memory_mux_0/XDATA/RAM4Kx8_R0C6_DOUTA8 drives no load.
Warning: CMP201: Net memory_mux_0/XDATA/RAM4Kx8_R0C6_DOUTB1 drives no load.
Warning: CMP201: Net memory_mux_0/XDATA/RAM4Kx8_R0C6_DOUTB2 drives no load.
Warning: CMP201: Net memory_mux_0/XDATA/RAM4Kx8_R0C6_DOUTB3 drives no load.
Warning: CMP201: Net memory_mux_0/XDATA/RAM4Kx8_R0C6_DOUTB4 drives no load.
Warning: CMP201: Net memory_mux_0/XDATA/RAM4Kx8_R0C6_DOUTB5 drives no load.
Warning: CMP201: Net memory_mux_0/XDATA/RAM4Kx8_R0C6_DOUTB6 drives no load.
Warning: CMP201: Net memory_mux_0/XDATA/RAM4Kx8_R0C6_DOUTB7 drives no load.
Warning: CMP201: Net memory_mux_0/XDATA/RAM4Kx8_R0C6_DOUTB8 drives no load.
Warning: CMP201: Net memory_mux_0/XDATA/RAM4Kx8_R0C0_DOUTA0 drives no load.
Warning: CMP201: Net memory_mux_0/XDATA/RAM4Kx8_R0C0_DOUTA1 drives no load.
Warning: CMP201: Net memory_mux_0/XDATA/RAM4Kx8_R0C0_DOUTA2 drives no load.
Warning: CMP201: Net memory_mux_0/XDATA/RAM4Kx8_R0C0_DOUTA3 drives no load.
Warning: CMP201: Net memory_mux_0/XDATA/RAM4Kx8_R0C0_DOUTA4 drives no load.
Warning: CMP201: Net memory_mux_0/XDATA/RAM4Kx8_R0C0_DOUTA5 drives no load.
Warning: CMP201: Net memory_mux_0/XDATA/RAM4Kx8_R0C0_DOUTA6 drives no load.
Warning: CMP201: Net memory_mux_0/XDATA/RAM4Kx8_R0C0_DOUTA7 drives no load.
Warning: CMP201: Net memory_mux_0/XDATA/RAM4Kx8_R0C0_DOUTA8 drives no load.
Warning: CMP201: Net memory_mux_0/XDATA/RAM4Kx8_R0C0_DOUTB1 drives no load.
Warning: CMP201: Net memory_mux_0/XDATA/RAM4Kx8_R0C0_DOUTB2 drives no load.
Warning: CMP201: Net memory_mux_0/XDATA/RAM4Kx8_R0C0_DOUTB3 drives no load.
Warning: CMP201: Net memory_mux_0/XDATA/RAM4Kx8_R0C0_DOUTB4 drives no load.
Warning: CMP201: Net memory_mux_0/XDATA/RAM4Kx8_R0C0_DOUTB5 drives no load.
Warning: CMP201: Net memory_mux_0/XDATA/RAM4Kx8_R0C0_DOUTB6 drives no load.
Warning: CMP201: Net memory_mux_0/XDATA/RAM4Kx8_R0C0_DOUTB7 drives no load.
Warning: CMP201: Net memory_mux_0/XDATA/RAM4Kx8_R0C0_DOUTB8 drives no load.
Warning: CMP201: Net sys_0/Core8051s_00/intram_instt_ram_internal_ram/RAM256X8_R0C0_DOUTA0
         drives no load.
Warning: CMP201: Net sys_0/Core8051s_00/intram_instt_ram_internal_ram/RAM256X8_R0C0_DOUTA1
         drives no load.
Warning: CMP201: Net sys_0/Core8051s_00/intram_instt_ram_internal_ram/RAM256X8_R0C0_DOUTA2
         drives no load.
Warning: CMP201: Net sys_0/Core8051s_00/intram_instt_ram_internal_ram/RAM256X8_R0C0_DOUTA3
         drives no load.
Warning: CMP201: Net sys_0/Core8051s_00/intram_instt_ram_internal_ram/RAM256X8_R0C0_DOUTA4
         drives no load.
Warning: CMP201: Net sys_0/Core8051s_00/intram_instt_ram_internal_ram/RAM256X8_R0C0_DOUTA5
         drives no load.
Warning: CMP201: Net sys_0/Core8051s_00/intram_instt_ram_internal_ram/RAM256X8_R0C0_DOUTA6
         drives no load.
Warning: CMP201: Net sys_0/Core8051s_00/intram_instt_ram_internal_ram/RAM256X8_R0C0_DOUTA7
         drives no load.
Warning: CMP201: Net sys_0/Core8051s_00/intram_instt_ram_internal_ram/RAM256X8_R0C0_DOUTA8
         drives no load.
Warning: CMP201: Net sys_0/Core8051s_00/intram_instt_ram_internal_ram/RAM256X8_R0C0_DOUTB8
         drives no load.
Warning: CMP201: Net PLL_50Mh_6Mh_0/Core_GLB drives no load.
Warning: CMP201: Net PLL_50Mh_6Mh_0/Core_GLC drives no load.
Warning: CMP201: Net PLL_50Mh_6Mh_0/Core_LOCK drives no load.
Warning: CMP201: Net PLL_50Mh_6Mh_0/Core_YB drives no load.
Warning: CMP201: Net PLL_50Mh_6Mh_0/Core_YC drives no load.

Netlist Optimization Report
===========================

Optimized macros:
  - Dangling net drivers:   0
  - Buffers:                1
  - Inverters:              0
  - Tieoff:                 0
  - Logic combining:        139

    Total macros optimized  140

There were 0 error(s) and 151 warning(s) in this design.
=====================================================================

Reading user pdc (Physical Design Constraints) file(s) postcompile


There were 0 error(s) and 0 warning(s) in reading the user pdc.

=====================================================================
Compile report:
===============

    CORE                       Used:   3922  Total:  38400   (10.21%)
    IO (W/ clocks)             Used:     66  Total:    223   (29.60%)
    Differential IO            Used:      0  Total:    109   (0.00%)
    GLOBAL (Chip+Quadrant)     Used:      6  Total:     18   (33.33%)
    PLL                        Used:      1  Total:      2   (50.00%)
    RAM/FIFO                   Used:      9  Total:     60   (15.00%)
    Low Static ICC             Used:      0  Total:      1   (0.00%)
    FlashROM                   Used:      0  Total:      1   (0.00%)
    User JTAG                  Used:      1  Total:      1   (100.00%)
    RC oscillator              Used:      0  Total:      1   (0.00%)
    XTL oscillator             Used:      0  Total:      1   (0.00%)
    NVM                        Used:      0  Total:      4   (0.00%)
    AB                         Used:      0  Total:      1   (0.00%)
    AnalogIO                   Used:      0  Total:     46   (0.00%)
    VRPSM                      Used:      0  Total:      1   (0.00%)
    No-Glitch MUX              Used:      0  Total:      2   (0.00%)

Global Information:

    Type            | Used   | Total
    ----------------|--------|--------------
    Chip global     | 6      | 6  (100.00%)*
    Quadrant global | 0      | 12 (0.00%)

    (*) Chip globals may be assigned to Quadrant globals using the Multi-View Navigator (MVN)
        or Physical Design Constraints (PDC).
        They may also be assigned to Quadrant globals automatically during Layout.

Core Information:

    Type    | Instances    | Core tiles
    --------|--------------|-----------
    COMB    | 3283         | 3283
    SEQ     | 639          | 639

I/O Function:

    Type                          | w/o register  | w/ register  | w/ DDR register
    ------------------------------|---------------|--------------|----------------
    Input I/O                     | 11            | 0            | 0
    Output I/O                    | 47            | 0            | 0
    Bidirectional I/O             | 8             | 0            | 0
    Differential Input I/O Pairs  | 0             | 0            | 0
    Differential Output I/O Pairs | 0             | 0            | 0

I/O Technology:

                                    |   Voltages    |             I/Os
    --------------------------------|-------|-------|-------|--------|--------------
    I/O Standard(s)                 | Vcci  | Vref  | Input | Output | Bidirectional
    --------------------------------|-------|-------|-------|--------|--------------
    LVTTL                           | 3.30v | N/A   | 11    | 47     | 8

I/O Placement:

    Locked  :   0
    Placed  :   0
    UnPlaced:  66 ( 100.00% )

Net information report:
=======================

The following nets have been assigned to a chip global resource:
    Fanout  Type          Name
    --------------------------
    607     CLK_NET       Net   : net_0
                          Driver: PLL_50Mh_6Mh_0/Core
                          Source: ESSENTIAL
    462     SET/RESET_NET Net   : sys_0/Core8051s_00_PRESETN
                          Driver: sys_0/Core8051s_00/MAIN8051_inst/U_PMU/nrsto_RNILEC3/U_CLKSRC
                          Source: NETLIST
    124     SET/RESET_NET Net   : NSYSRESET_c
                          Driver: NSYSRESET_pad
                          Source: NETLIST
    51      SET/RESET_NET Net   :
sys_0/Core8051s_00/oci1_trace0.ocia51_inst/ujtag1.jtagu_inst/urstb
                          Driver:
sys_0/Core8051s_00/oci1_trace0.ocia51_inst/ujtag1.jtagu_inst/UJTAG_inst_RNI6FU7/U_CLKSRC
                          Source: NETLIST
    51      INT_NET       Net   : sys_0/Core8051s_00/MAIN8051_inst/cyc1
                          Driver:
sys_0/Core8051s_00/MAIN8051_inst/U_CPU/curcycle_RNIATIH_1[1]/U_CLKSRC
                          Source: NETLIST
    50      CLK_NET       Net   :
sys_0/Core8051s_00/oci1_trace0.ocia51_inst/ujtag1.jtagu_inst/udrck
                          Driver:
sys_0/Core8051s_00/oci1_trace0.ocia51_inst/ujtag1.jtagu_inst/udrck/U_CLKSRC
                          Source: NETLIST

High fanout nets in the post compile netlist:
    Fanout  Type          Name
    --------------------------
    24      INT_NET       Net   : MEM_ADDR_c[10]
                          Driver: sys_0/Core8051s_00/MAIN8051_inst/U_MEMCTRL/memaddr_i[10]
    24      INT_NET       Net   : MEM_ADDR_c[11]
                          Driver: sys_0/Core8051s_00/MAIN8051_inst/U_MEMCTRL/memaddr_i[11]
    24      INT_NET       Net   : sys_0/Core8051s_00/MAIN8051_inst/U_MEMCTRL/rel_m[7]
                          Driver: sys_0/Core8051s_00/MAIN8051_inst/U_MEMCTRL/rel_RNI0T7IH1[7]
    24      INT_NET       Net   : sys_0/Core8051s_00/MAIN8051_inst/U_MEMCTRL/un19_dpaddsel
                          Driver:
sys_0/Core8051s_00/MAIN8051_inst/U_MEMCTRL/un14_pcaddsel_RNICSDMC
    23      INT_NET       Net   : MEM_ADDR_c[0]
                          Driver: sys_0/Core8051s_00/MAIN8051_inst/U_MEMCTRL/memaddr_i[0]
    23      INT_NET       Net   : MEM_ADDR_c[1]
                          Driver: sys_0/Core8051s_00/MAIN8051_inst/U_MEMCTRL/memaddr_i[1]
    23      INT_NET       Net   : MEM_ADDR_c[5]
                          Driver: sys_0/Core8051s_00/MAIN8051_inst/U_MEMCTRL/memaddr_i[5]
    23      INT_NET       Net   : MEM_ADDR_c[6]
                          Driver: sys_0/Core8051s_00/MAIN8051_inst/U_MEMCTRL/memaddr_i[6]
    23      INT_NET       Net   : MEM_ADDR_c[7]
                          Driver: sys_0/Core8051s_00/MAIN8051_inst/U_MEMCTRL/memaddr_i[7]
    22      INT_NET       Net   : sys_0/Core8051s_00/oci1_trace0.ocia51_inst/Trigger_xhdl[77]
                          Driver:
sys_0/Core8051s_00/oci1_trace0.ocia51_inst/xhdl_trigger/Trigger_xhdl[77]

Nets that are candidates for clock assignment and the resulting fanout:
    Fanout  Type          Name
    --------------------------
    24      INT_NET       Net   : MEM_ADDR_c[10]
                          Driver: sys_0/Core8051s_00/MAIN8051_inst/U_MEMCTRL/memaddr_i[10]
    24      INT_NET       Net   : MEM_ADDR_c[11]
                          Driver: sys_0/Core8051s_00/MAIN8051_inst/U_MEMCTRL/memaddr_i[11]
    24      INT_NET       Net   : sys_0/Core8051s_00/MAIN8051_inst/U_MEMCTRL/rel_m[7]
                          Driver: sys_0/Core8051s_00/MAIN8051_inst/U_MEMCTRL/rel_RNI0T7IH1[7]
    24      INT_NET       Net   : sys_0/Core8051s_00/MAIN8051_inst/U_MEMCTRL/un19_dpaddsel
                          Driver:
sys_0/Core8051s_00/MAIN8051_inst/U_MEMCTRL/un14_pcaddsel_RNICSDMC
    23      INT_NET       Net   : MEM_ADDR_c[0]
                          Driver: sys_0/Core8051s_00/MAIN8051_inst/U_MEMCTRL/memaddr_i[0]
    23      INT_NET       Net   : MEM_ADDR_c[1]
                          Driver: sys_0/Core8051s_00/MAIN8051_inst/U_MEMCTRL/memaddr_i[1]
    23      INT_NET       Net   : MEM_ADDR_c[5]
                          Driver: sys_0/Core8051s_00/MAIN8051_inst/U_MEMCTRL/memaddr_i[5]
    23      INT_NET       Net   : MEM_ADDR_c[6]
                          Driver: sys_0/Core8051s_00/MAIN8051_inst/U_MEMCTRL/memaddr_i[6]
    23      INT_NET       Net   : MEM_ADDR_c[7]
                          Driver: sys_0/Core8051s_00/MAIN8051_inst/U_MEMCTRL/memaddr_i[7]
    22      INT_NET       Net   : sys_0/Core8051s_00/oci1_trace0.ocia51_inst/Trigger_xhdl[77]
                          Driver:
sys_0/Core8051s_00/oci1_trace0.ocia51_inst/xhdl_trigger/Trigger_xhdl[77]


SDC Import: Begin processing constraints...



SDC Import: End processing constraints


The Compile command succeeded ( 00:00:10 )

