Microsemi Libero Software
Version: 11.7.0.119
Release: v11.7

Info: The design top_8051.adb was last modified by software version 11.7.0.119.
Opened an existing Libero design top_8051.adb.
'BA_NAME' set to 'top_8051_ba'
'IDE_DESIGNERVIEW_NAME' set to 'Impl1'
'IDE_DESIGNERVIEW_COUNT' set to '1'
'IDE_DESIGNERVIEW_REV0' set to 'Impl1'
'IDE_DESIGNERVIEW_REVNUM0' set to '1'
'IDE_DESIGNERVIEW_ROOTDIR' set to
'C:\proj\dev-kits\m1afs-adv-dev-kit\Core8051s_ExtFlash_ExtSRAM\designer'
'IDE_DESIGNERVIEW_LASTREV' set to '1'
Wrote timing report to file: top_8051_maxdelay_timing_report.txt

The Report command succeeded ( 00:00:11 )
Wrote timing report to file: top_8051_mindelay_timing_report.txt

The Report command succeeded ( 00:00:02 )
Wrote timing_violations report to file: top_8051_maxdelay_timingviolations_report.txt

The Report command succeeded ( 00:00:00 )
Wrote timing_violations report to file: top_8051_mindelay_timingviolations_report.txt

The Report command succeeded ( 00:00:00 )
Design saved to file
C:\proj\dev-kits\m1afs-adv-dev-kit\Core8051s_ExtFlash_ExtSRAM\designer\impl1\top_8051.adb.

The Execute Script command succeeded ( 00:00:15 )
Design closed.

