Target Part: M1AFS1500_FBGA484_STD
Report for cell memory_mux.one
  Core Cell usage:
              cell count     area count*area
              BUFF     5      1.0        5.0
               GND     2      0.0        0.0
               INV     4      1.0        4.0
               MX2    64      1.0       64.0
             NAND3     2      1.0        2.0
            NAND3A     6      1.0        6.0
            NAND3B     6      1.0        6.0
            NAND3C     2      1.0        2.0
               OR2    16      1.0       16.0
              OR2A     3      1.0        3.0
               VCC     2      0.0        0.0


          DFN1E1C0     3      1.0        3.0
            RAM4K9     8      0.0        0.0
                   -----          ----------
             TOTAL   123               111.0


  IO Cell usage:
              cell count
             BIBUF     8
            CLKBUF     1
             INBUF    28
            OUTBUF    46
                   -----
             TOTAL    83


Core Cells         : 111 of 38400 (0%)
IO Cells           : 83

  RAM/ROM Usage Summary
Block Rams : 8 of 60 (13%)

