sourcing C:\Microsemi\Libero_SoC_v11.7\Synplify\lib\message_override.tcl


Starting:    C:\Microsemi\Libero_SoC_v11.7\Synplify\bin64\mbin\synbatch.exe
Install:     C:\Microsemi\Libero_SoC_v11.7\Synplify
Hostname:    JIJEESH-PC
Date:        Tue May 03 13:34:06 2016
Version:     J-2015.03M-SP1-2

Arguments:   -product synplify_pro -licensetype synplifypro_actel -batch -log synplify.log Core8051s_ExtSRAM_BRT_syn.tcl
ProductType: synplify_pro

License checkout: synplifypro_actel
License: synplifypro_actel node-locked 
Licensed Vendor: actel
License Option: actel_oem

Running in Vendor Mode


auto_infer_blackbox is not supported in current product.

log file: "C:\proj\dev-kits\m1afs-adv-dev-kit\Core8051s-Core1553RT\Core8051s_ExtSRAM_BRT_V2\synthesis\Core8051s_ExtSRAM_BRT.srr"

Running: synthesis in foreground



Running Core8051s_ExtSRAM_BRT_syn|synthesis


Running: compile (Compile) on Core8051s_ExtSRAM_BRT_syn|synthesis


Running: compile_flow (Compile Process) on Core8051s_ExtSRAM_BRT_syn|synthesis


Running: compiler (Compile Input) on Core8051s_ExtSRAM_BRT_syn|synthesis

Copied C:\proj\dev-kits\m1afs-adv-dev-kit\Core8051s-Core1553RT\Core8051s_ExtSRAM_BRT_V2\synthesis\synwork\Core8051s_ExtSRAM_BRT_comp.srs to C:\proj\dev-kits\m1afs-adv-dev-kit\Core8051s-Core1553RT\Core8051s_ExtSRAM_BRT_V2\synthesis\Core8051s_ExtSRAM_BRT.srs


compiler Completed
Return Code: 0
Run Time:0h:00m:12s


Running: multi_srs_gen (Multi-srs Generator) on Core8051s_ExtSRAM_BRT_syn|synthesis

Copied C:\proj\dev-kits\m1afs-adv-dev-kit\Core8051s-Core1553RT\Core8051s_ExtSRAM_BRT_V2\synthesis\synwork\Core8051s_ExtSRAM_BRT_comp.srs to C:\proj\dev-kits\m1afs-adv-dev-kit\Core8051s-Core1553RT\Core8051s_ExtSRAM_BRT_V2\synthesis\synwork\Core8051s_ExtSRAM_BRT_s.srs


multi_srs_gen Completed
Return Code: 0
Run Time:0h:00m:01s

Copied C:\proj\dev-kits\m1afs-adv-dev-kit\Core8051s-Core1553RT\Core8051s_ExtSRAM_BRT_V2\synthesis\synwork\Core8051s_ExtSRAM_BRT_mult.srs to C:\proj\dev-kits\m1afs-adv-dev-kit\Core8051s-Core1553RT\Core8051s_ExtSRAM_BRT_V2\synthesis\Core8051s_ExtSRAM_BRT.srs

Complete: Compile Process on Core8051s_ExtSRAM_BRT_syn|synthesis


Running: premap (Pre-mapping) on Core8051s_ExtSRAM_BRT_syn|synthesis

Copied C:\proj\dev-kits\m1afs-adv-dev-kit\Core8051s-Core1553RT\Core8051s_ExtSRAM_BRT_V2\synthesis\Core8051s_ExtSRAM_BRT.sap to C:\proj\dev-kits\m1afs-adv-dev-kit\Core8051s-Core1553RT\Core8051s_ExtSRAM_BRT_V2\synthesis\synwork\Core8051s_ExtSRAM_BRT_s.sap

Copied C:\proj\dev-kits\m1afs-adv-dev-kit\Core8051s-Core1553RT\Core8051s_ExtSRAM_BRT_V2\synthesis\Core8051s_ExtSRAM_BRT.fse to C:\proj\dev-kits\m1afs-adv-dev-kit\Core8051s-Core1553RT\Core8051s_ExtSRAM_BRT_V2\synthesis\synwork\Core8051s_ExtSRAM_BRT_s.fse


premap Completed with warnings
Return Code: 1
Run Time:0h:00m:01s

Complete: Compile on Core8051s_ExtSRAM_BRT_syn|synthesis


Running: map (Map) on Core8051s_ExtSRAM_BRT_syn|synthesis


Running: fpga_mapper (Map & Optimize) on Core8051s_ExtSRAM_BRT_syn|synthesis

Copied C:\proj\dev-kits\m1afs-adv-dev-kit\Core8051s-Core1553RT\Core8051s_ExtSRAM_BRT_V2\synthesis\synwork\Core8051s_ExtSRAM_BRT_m.srm to C:\proj\dev-kits\m1afs-adv-dev-kit\Core8051s-Core1553RT\Core8051s_ExtSRAM_BRT_V2\synthesis\Core8051s_ExtSRAM_BRT.srm


fpga_mapper Completed with warnings
Return Code: 1
Run Time:0h:01m:42s

Complete: Map on Core8051s_ExtSRAM_BRT_syn|synthesis

Complete: Logic Synthesis on Core8051s_ExtSRAM_BRT_syn|synthesis

TCL script complete: "Core8051s_ExtSRAM_BRT_syn.tcl"

exit status=0

exit status=0

License checkin: synplifypro_actel

