
--------------------------------------------------------------------------------
   General Information
--------------------------------------------------------------------------------

Product                  : SmartGen
Release                  : v9.0
Version                  : 9.0.0.15
Date                     : Mon Jun 21 15:00:31 2010

--------------------------------------------------------------------------------
   System Settings
--------------------------------------------------------------------------------

Top Level Name           : nvm64k
HDL Type                 : VHDL
Family                   : Fusion
Die                      : M1AFS1500
Package                  : 484 FBGA
Work Directory           : C:/Actelprj/AFS_ADV_KIT_8051/smartgen\nvm64k
Common Directory         : C:/Actelprj/AFS_ADV_KIT_8051/smartgen\common
Pipelined Read           : NO

--------------------------------------------------------------------------------
   Analog System Client
--------------------------------------------------------------------------------

-NOT PRESENT-

--------------------------------------------------------------------------------
   Data Storage Clients
--------------------------------------------------------------------------------

Data Storage Client      : nvm_64k
   Start Address         : 0
   Retrieve Address From File: NO
   Start Address Locked  : NO
   Word Size             : 8
   Number of Words       : 8192
   Memory File           : 
   Memory File Format    : 
   JTAG Read Protection  : NO
   JTAG Write Protection : NO


--------------------------------------------------------------------------------
   Initialization Clients
--------------------------------------------------------------------------------

-NONE-

--------------------------------------------------------------------------------
   RAM Initialization Clients
--------------------------------------------------------------------------------

-NONE-

--------------------------------------------------------------------------------
   CFI Data Client
--------------------------------------------------------------------------------

-NOT PRESENT-
