C:\Microsemi\Libero_SoC_v11.7\Synplify\bin64\c_hdl.exe  -osyn  C:\proj\dev-kits\m1afs-adv-dev-kit\Core8051_Ext_SRAM_Int_XData\synthesis\synwork\top_8051_comp.srs  -top  work.top_8051  -hdllog  C:\proj\dev-kits\m1afs-adv-dev-kit\Core8051_Ext_SRAM_Int_XData\synthesis\synlog\top_8051_compiler.srr  -encrypt  -mp  1  -vhdl  -prodtype  synplify_pro  -nram -fixsmult -divnmod  -encrypt  -pro  -dmgen  C:\proj\dev-kits\m1afs-adv-dev-kit\Core8051_Ext_SRAM_Int_XData\synthesis\dm  -lite -ui -fid2 -ram -sharing on -ll 2000 -autosm  -ignore_undefined_lib  -lib work C:\proj\dev-kits\m1afs-adv-dev-kit\Core8051_Ext_SRAM_Int_XData\smartgen\PLL_50Mh_6Mh\PLL_50Mh_6Mh.vhd -lib work C:\proj\dev-kits\m1afs-adv-dev-kit\Core8051_Ext_SRAM_Int_XData\smartgen\RAM4Kx8\RAM4Kx8.vhd -lib work C:\proj\dev-kits\m1afs-adv-dev-kit\Core8051_Ext_SRAM_Int_XData\hdl\memory_mux.vhd -lib work C:\proj\dev-kits\m1afs-adv-dev-kit\Core8051_Ext_SRAM_Int_XData\smartgen\rc_osc\rc_osc.vhd -lib work C:\proj\dev-kits\m1afs-adv-dev-kit\Core8051_Ext_SRAM_Int_XData\component\Actel\DirectCore\CORE8051S\2.4.101\rtl\vhdl\u\core8051s_globs_fusion.vhd -lib work C:\proj\dev-kits\m1afs-adv-dev-kit\Core8051_Ext_SRAM_Int_XData\component\Actel\DirectCore\CORE8051S\2.4.101\rtl\vhdl\u\core8051s_utility.vhd -lib work C:\proj\dev-kits\m1afs-adv-dev-kit\Core8051_Ext_SRAM_Int_XData\component\Actel\DirectCore\CORE8051S\2.4.101\rtl\vhdl\u\alu.vhd -lib work C:\proj\dev-kits\m1afs-adv-dev-kit\Core8051_Ext_SRAM_Int_XData\component\Actel\DirectCore\CORE8051S\2.4.101\rtl\vhdl\u\clkctrl.vhd -lib work C:\proj\dev-kits\m1afs-adv-dev-kit\Core8051_Ext_SRAM_Int_XData\component\Actel\DirectCore\CORE8051S\2.4.101\rtl\vhdl\u\cpu.vhd -lib work C:\proj\dev-kits\m1afs-adv-dev-kit\Core8051_Ext_SRAM_Int_XData\component\Actel\DirectCore\CORE8051S\2.4.101\rtl\vhdl\u\intctrl.vhd -lib work C:\proj\dev-kits\m1afs-adv-dev-kit\Core8051_Ext_SRAM_Int_XData\component\Actel\DirectCore\CORE8051S\2.4.101\rtl\vhdl\u\isr.vhd -lib work C:\proj\dev-kits\m1afs-adv-dev-kit\Core8051_Ext_SRAM_Int_XData\component\Actel\DirectCore\CORE8051S\2.4.101\rtl\vhdl\u\memctrl.vhd -lib work C:\proj\dev-kits\m1afs-adv-dev-kit\Core8051_Ext_SRAM_Int_XData\component\Actel\DirectCore\CORE8051S\2.4.101\rtl\vhdl\u\oci.vhd -lib work C:\proj\dev-kits\m1afs-adv-dev-kit\Core8051_Ext_SRAM_Int_XData\component\Actel\DirectCore\CORE8051S\2.4.101\rtl\vhdl\u\pmu.vhd -lib work C:\proj\dev-kits\m1afs-adv-dev-kit\Core8051_Ext_SRAM_Int_XData\component\Actel\DirectCore\CORE8051S\2.4.101\rtl\vhdl\u\ramsfrctrl.vhd -lib work C:\proj\dev-kits\m1afs-adv-dev-kit\Core8051_Ext_SRAM_Int_XData\component\Actel\DirectCore\CORE8051S\2.4.101\rtl\vhdl\u\rstctrl.vhd -lib work C:\proj\dev-kits\m1afs-adv-dev-kit\Core8051_Ext_SRAM_Int_XData\component\Actel\DirectCore\CORE8051S\2.4.101\rtl\vhdl\u\instrdec.vhd -lib work C:\proj\dev-kits\m1afs-adv-dev-kit\Core8051_Ext_SRAM_Int_XData\component\Actel\DirectCore\CORE8051S\2.4.101\rtl\vhdl\u\main8051.vhd -lib work C:\proj\dev-kits\m1afs-adv-dev-kit\Core8051_Ext_SRAM_Int_XData\component\Actel\DirectCore\CORE8051S\2.4.101\rtl\vhdl\u\ram256x20_fusion.vhd -lib work C:\proj\dev-kits\m1afs-adv-dev-kit\Core8051_Ext_SRAM_Int_XData\component\Actel\DirectCore\CORE8051S\2.4.101\rtl\vhdl\u\ram256x8_fusion.vhd -lib work C:\proj\dev-kits\m1afs-adv-dev-kit\Core8051_Ext_SRAM_Int_XData\component\Actel\DirectCore\CORE8051S\2.4.101\rtl\vhdl\u\ram256x8_block_ram.vhd -lib work C:\proj\dev-kits\m1afs-adv-dev-kit\Core8051_Ext_SRAM_Int_XData\component\Actel\DirectCore\CORE8051S\2.4.101\rtl\vhdl\u\ram256x8_registers.vhd -lib work C:\proj\dev-kits\m1afs-adv-dev-kit\Core8051_Ext_SRAM_Int_XData\component\Actel\DirectCore\CORE8051S\2.4.101\rtl\vhdl\u\jtagdef.vhd -lib work C:\proj\dev-kits\m1afs-adv-dev-kit\Core8051_Ext_SRAM_Int_XData\component\Actel\DirectCore\CORE8051S\2.4.101\rtl\vhdl\u\debug.vhd -lib work C:\proj\dev-kits\m1afs-adv-dev-kit\Core8051_Ext_SRAM_Int_XData\component\Actel\DirectCore\CORE8051S\2.4.101\rtl\vhdl\u\jtag.vhd -lib work C:\proj\dev-kits\m1afs-adv-dev-kit\Core8051_Ext_SRAM_Int_XData\component\Actel\DirectCore\CORE8051S\2.4.101\rtl\vhdl\u\jtagu_fusion.vhd -lib work C:\proj\dev-kits\m1afs-adv-dev-kit\Core8051_Ext_SRAM_Int_XData\component\Actel\DirectCore\CORE8051S\2.4.101\rtl\vhdl\u\trace.vhd -lib work C:\proj\dev-kits\m1afs-adv-dev-kit\Core8051_Ext_SRAM_Int_XData\component\Actel\DirectCore\CORE8051S\2.4.101\rtl\vhdl\u\trigger.vhd -lib work C:\proj\dev-kits\m1afs-adv-dev-kit\Core8051_Ext_SRAM_Int_XData\component\Actel\DirectCore\CORE8051S\2.4.101\rtl\vhdl\u\ocia51.vhd -lib work C:\proj\dev-kits\m1afs-adv-dev-kit\Core8051_Ext_SRAM_Int_XData\component\Actel\DirectCore\CORE8051S\2.4.101\rtl\vhdl\u\core8051s.vhd -lib work C:\proj\dev-kits\m1afs-adv-dev-kit\Core8051_Ext_SRAM_Int_XData\component\Actel\DirectCore\CoreWatchdog\1.1.101\rtl\vhdl\u\CoreWatchdog.vhd -lib COREAPB3_LIB C:\proj\dev-kits\m1afs-adv-dev-kit\Core8051_Ext_SRAM_Int_XData\component\Actel\DirectCore\CoreAPB3\4.1.100\rtl\vhdl\core\coreapb3_muxptob3.vhd -lib COREAPB3_LIB C:\proj\dev-kits\m1afs-adv-dev-kit\Core8051_Ext_SRAM_Int_XData\component\Actel\DirectCore\CoreAPB3\4.1.100\rtl\vhdl\core\coreapb3_iaddr_reg.vhd -lib COREAPB3_LIB C:\proj\dev-kits\m1afs-adv-dev-kit\Core8051_Ext_SRAM_Int_XData\component\Actel\DirectCore\CoreAPB3\4.1.100\rtl\vhdl\core\coreapb3.vhd -lib COREGPIO_LIB C:\proj\dev-kits\m1afs-adv-dev-kit\Core8051_Ext_SRAM_Int_XData\component\Actel\DirectCore\CoreGPIO\3.1.101\rtl\vhdl\core\coregpio_pkg.vhd -lib COREGPIO_LIB C:\proj\dev-kits\m1afs-adv-dev-kit\Core8051_Ext_SRAM_Int_XData\component\Actel\DirectCore\CoreGPIO\3.1.101\rtl\vhdl\core\coregpio.vhd -lib CORETIMER_LIB C:\proj\dev-kits\m1afs-adv-dev-kit\Core8051_Ext_SRAM_Int_XData\component\Actel\DirectCore\CoreTimer\2.0.103\rtl\vhdl\core\coretimer_pkg.vhd -lib CORETIMER_LIB C:\proj\dev-kits\m1afs-adv-dev-kit\Core8051_Ext_SRAM_Int_XData\component\Actel\DirectCore\CoreTimer\2.0.103\rtl\vhdl\core\coretimer.vhd -lib COREUARTAPB_LIB C:\proj\dev-kits\m1afs-adv-dev-kit\Core8051_Ext_SRAM_Int_XData\component\work\sys\CoreUARTapb_0\rtl\vhdl\core\Clock_gen.vhd -lib COREUARTAPB_LIB C:\proj\dev-kits\m1afs-adv-dev-kit\Core8051_Ext_SRAM_Int_XData\component\work\sys\CoreUARTapb_0\rtl\vhdl\core\Rx_async.vhd -lib COREUARTAPB_LIB C:\proj\dev-kits\m1afs-adv-dev-kit\Core8051_Ext_SRAM_Int_XData\component\work\sys\CoreUARTapb_0\rtl\vhdl\core\Tx_async.vhd -lib COREUARTAPB_LIB C:\proj\dev-kits\m1afs-adv-dev-kit\Core8051_Ext_SRAM_Int_XData\component\work\sys\CoreUARTapb_0\rtl\vhdl\core\fifo_256x8_fusion.vhd -lib COREUARTAPB_LIB C:\proj\dev-kits\m1afs-adv-dev-kit\Core8051_Ext_SRAM_Int_XData\component\work\sys\CoreUARTapb_0\rtl\vhdl\core\coreuart_pkg.vhd -lib COREUARTAPB_LIB C:\proj\dev-kits\m1afs-adv-dev-kit\Core8051_Ext_SRAM_Int_XData\component\work\sys\CoreUARTapb_0\rtl\vhdl\core\CoreUART.vhd -lib COREUARTAPB_LIB C:\proj\dev-kits\m1afs-adv-dev-kit\Core8051_Ext_SRAM_Int_XData\component\work\sys\CoreUARTapb_0\rtl\vhdl\core\CoreUARTapb.vhd -lib COREAPB3_LIB C:\proj\dev-kits\m1afs-adv-dev-kit\Core8051_Ext_SRAM_Int_XData\component\Actel\DirectCore\CoreAPB3\4.1.100\rtl\vhdl\core\components.vhd -lib COREGPIO_LIB C:\proj\dev-kits\m1afs-adv-dev-kit\Core8051_Ext_SRAM_Int_XData\component\Actel\DirectCore\CoreGPIO\3.1.101\rtl\vhdl\core\components.vhd -lib COREUARTAPB_LIB C:\proj\dev-kits\m1afs-adv-dev-kit\Core8051_Ext_SRAM_Int_XData\component\work\sys\CoreUARTapb_0\rtl\vhdl\core\components.vhd -lib work C:\proj\dev-kits\m1afs-adv-dev-kit\Core8051_Ext_SRAM_Int_XData\component\work\sys\sys.vhd -lib work C:\proj\dev-kits\m1afs-adv-dev-kit\Core8051_Ext_SRAM_Int_XData\component\work\top_8051\top_8051.vhd 
rc:0 success:1
C:\proj\dev-kits\m1afs-adv-dev-kit\Core8051_Ext_SRAM_Int_XData\synthesis\synwork\top_8051_comp.srs|o|1462166723|263782
C:\proj\dev-kits\m1afs-adv-dev-kit\Core8051_Ext_SRAM_Int_XData\synthesis\synlog\top_8051_compiler.srr|o|1462166723|90526
C:\proj\dev-kits\m1afs-adv-dev-kit\Core8051_Ext_SRAM_Int_XData\smartgen\PLL_50Mh_6Mh\PLL_50Mh_6Mh.vhd|i|1462166381|7574
C:\proj\dev-kits\m1afs-adv-dev-kit\Core8051_Ext_SRAM_Int_XData\smartgen\RAM4Kx8\RAM4Kx8.vhd|i|1462166677|37539
C:\proj\dev-kits\m1afs-adv-dev-kit\Core8051_Ext_SRAM_Int_XData\hdl\memory_mux.vhd|i|1462166466|4092
C:\proj\dev-kits\m1afs-adv-dev-kit\Core8051_Ext_SRAM_Int_XData\smartgen\rc_osc\rc_osc.vhd|i|1461931012|1044
C:\proj\dev-kits\m1afs-adv-dev-kit\Core8051_Ext_SRAM_Int_XData\component\Actel\DirectCore\CORE8051S\2.4.101\rtl\vhdl\u\core8051s_globs_fusion.vhd|i|1419244712|3762
C:\proj\dev-kits\m1afs-adv-dev-kit\Core8051_Ext_SRAM_Int_XData\component\Actel\DirectCore\CORE8051S\2.4.101\rtl\vhdl\u\core8051s_utility.vhd|i|1419244712|31862
C:\proj\dev-kits\m1afs-adv-dev-kit\Core8051_Ext_SRAM_Int_XData\component\Actel\DirectCore\CORE8051S\2.4.101\rtl\vhdl\u\alu.vhd|i|1419244712|50757
C:\proj\dev-kits\m1afs-adv-dev-kit\Core8051_Ext_SRAM_Int_XData\component\Actel\DirectCore\CORE8051S\2.4.101\rtl\vhdl\u\clkctrl.vhd|i|1419244712|8883
C:\proj\dev-kits\m1afs-adv-dev-kit\Core8051_Ext_SRAM_Int_XData\component\Actel\DirectCore\CORE8051S\2.4.101\rtl\vhdl\u\cpu.vhd|i|1419244712|40566
C:\proj\dev-kits\m1afs-adv-dev-kit\Core8051_Ext_SRAM_Int_XData\component\Actel\DirectCore\CORE8051S\2.4.101\rtl\vhdl\u\intctrl.vhd|i|1419244712|22231
C:\proj\dev-kits\m1afs-adv-dev-kit\Core8051_Ext_SRAM_Int_XData\component\Actel\DirectCore\CORE8051S\2.4.101\rtl\vhdl\u\isr.vhd|i|1419244712|32598
C:\proj\dev-kits\m1afs-adv-dev-kit\Core8051_Ext_SRAM_Int_XData\component\Actel\DirectCore\CORE8051S\2.4.101\rtl\vhdl\u\memctrl.vhd|i|1419244712|48639
C:\proj\dev-kits\m1afs-adv-dev-kit\Core8051_Ext_SRAM_Int_XData\component\Actel\DirectCore\CORE8051S\2.4.101\rtl\vhdl\u\oci.vhd|i|1419244712|4903
C:\proj\dev-kits\m1afs-adv-dev-kit\Core8051_Ext_SRAM_Int_XData\component\Actel\DirectCore\CORE8051S\2.4.101\rtl\vhdl\u\pmu.vhd|i|1419244712|6528
C:\proj\dev-kits\m1afs-adv-dev-kit\Core8051_Ext_SRAM_Int_XData\component\Actel\DirectCore\CORE8051S\2.4.101\rtl\vhdl\u\ramsfrctrl.vhd|i|1419244712|35859
C:\proj\dev-kits\m1afs-adv-dev-kit\Core8051_Ext_SRAM_Int_XData\component\Actel\DirectCore\CORE8051S\2.4.101\rtl\vhdl\u\rstctrl.vhd|i|1419244712|7856
C:\proj\dev-kits\m1afs-adv-dev-kit\Core8051_Ext_SRAM_Int_XData\component\Actel\DirectCore\CORE8051S\2.4.101\rtl\vhdl\u\instrdec.vhd|i|1419244712|35564
C:\proj\dev-kits\m1afs-adv-dev-kit\Core8051_Ext_SRAM_Int_XData\component\Actel\DirectCore\CORE8051S\2.4.101\rtl\vhdl\u\main8051.vhd|i|1419244712|51232
C:\proj\dev-kits\m1afs-adv-dev-kit\Core8051_Ext_SRAM_Int_XData\component\Actel\DirectCore\CORE8051S\2.4.101\rtl\vhdl\u\ram256x20_fusion.vhd|i|1419244712|4760
C:\proj\dev-kits\m1afs-adv-dev-kit\Core8051_Ext_SRAM_Int_XData\component\Actel\DirectCore\CORE8051S\2.4.101\rtl\vhdl\u\ram256x8_fusion.vhd|i|1419244712|4021
C:\proj\dev-kits\m1afs-adv-dev-kit\Core8051_Ext_SRAM_Int_XData\component\Actel\DirectCore\CORE8051S\2.4.101\rtl\vhdl\u\ram256x8_block_ram.vhd|i|1419244712|1917
C:\proj\dev-kits\m1afs-adv-dev-kit\Core8051_Ext_SRAM_Int_XData\component\Actel\DirectCore\CORE8051S\2.4.101\rtl\vhdl\u\ram256x8_registers.vhd|i|1419244712|1917
C:\proj\dev-kits\m1afs-adv-dev-kit\Core8051_Ext_SRAM_Int_XData\component\Actel\DirectCore\CORE8051S\2.4.101\rtl\vhdl\u\jtagdef.vhd|i|1419244712|4051
C:\proj\dev-kits\m1afs-adv-dev-kit\Core8051_Ext_SRAM_Int_XData\component\Actel\DirectCore\CORE8051S\2.4.101\rtl\vhdl\u\debug.vhd|i|1419244712|6168
C:\proj\dev-kits\m1afs-adv-dev-kit\Core8051_Ext_SRAM_Int_XData\component\Actel\DirectCore\CORE8051S\2.4.101\rtl\vhdl\u\jtag.vhd|i|1419244712|16262
C:\proj\dev-kits\m1afs-adv-dev-kit\Core8051_Ext_SRAM_Int_XData\component\Actel\DirectCore\CORE8051S\2.4.101\rtl\vhdl\u\jtagu_fusion.vhd|i|1419244712|15045
C:\proj\dev-kits\m1afs-adv-dev-kit\Core8051_Ext_SRAM_Int_XData\component\Actel\DirectCore\CORE8051S\2.4.101\rtl\vhdl\u\trace.vhd|i|1419244712|14365
C:\proj\dev-kits\m1afs-adv-dev-kit\Core8051_Ext_SRAM_Int_XData\component\Actel\DirectCore\CORE8051S\2.4.101\rtl\vhdl\u\trigger.vhd|i|1419244712|24041
C:\proj\dev-kits\m1afs-adv-dev-kit\Core8051_Ext_SRAM_Int_XData\component\Actel\DirectCore\CORE8051S\2.4.101\rtl\vhdl\u\ocia51.vhd|i|1419244712|19623
C:\proj\dev-kits\m1afs-adv-dev-kit\Core8051_Ext_SRAM_Int_XData\component\Actel\DirectCore\CORE8051S\2.4.101\rtl\vhdl\u\core8051s.vhd|i|1419244712|32871
C:\proj\dev-kits\m1afs-adv-dev-kit\Core8051_Ext_SRAM_Int_XData\component\Actel\DirectCore\CoreWatchdog\1.1.101\rtl\vhdl\u\CoreWatchdog.vhd|i|1461930741|13838
C:\proj\dev-kits\m1afs-adv-dev-kit\Core8051_Ext_SRAM_Int_XData\component\Actel\DirectCore\CoreAPB3\4.1.100\rtl\vhdl\core\coreapb3_muxptob3.vhd|i|1438149326|9523
C:\proj\dev-kits\m1afs-adv-dev-kit\Core8051_Ext_SRAM_Int_XData\component\Actel\DirectCore\CoreAPB3\4.1.100\rtl\vhdl\core\coreapb3_iaddr_reg.vhd|i|1438149326|5757
C:\proj\dev-kits\m1afs-adv-dev-kit\Core8051_Ext_SRAM_Int_XData\component\Actel\DirectCore\CoreAPB3\4.1.100\rtl\vhdl\core\coreapb3.vhd|i|1438149326|78851
C:\proj\dev-kits\m1afs-adv-dev-kit\Core8051_Ext_SRAM_Int_XData\component\Actel\DirectCore\CoreGPIO\3.1.101\rtl\vhdl\core\coregpio_pkg.vhd|i|1455272602|3084
C:\proj\dev-kits\m1afs-adv-dev-kit\Core8051_Ext_SRAM_Int_XData\component\Actel\DirectCore\CoreGPIO\3.1.101\rtl\vhdl\core\coregpio.vhd|i|1455272602|39361
C:\proj\dev-kits\m1afs-adv-dev-kit\Core8051_Ext_SRAM_Int_XData\component\Actel\DirectCore\CoreTimer\2.0.103\rtl\vhdl\core\coretimer_pkg.vhd|i|1461821131|1142
C:\proj\dev-kits\m1afs-adv-dev-kit\Core8051_Ext_SRAM_Int_XData\component\Actel\DirectCore\CoreTimer\2.0.103\rtl\vhdl\core\coretimer.vhd|i|1461821131|19422
C:\proj\dev-kits\m1afs-adv-dev-kit\Core8051_Ext_SRAM_Int_XData\component\work\sys\CoreUARTapb_0\rtl\vhdl\core\Clock_gen.vhd|i|1462166191|12888
C:\proj\dev-kits\m1afs-adv-dev-kit\Core8051_Ext_SRAM_Int_XData\component\work\sys\CoreUARTapb_0\rtl\vhdl\core\Rx_async.vhd|i|1462166191|21552
C:\proj\dev-kits\m1afs-adv-dev-kit\Core8051_Ext_SRAM_Int_XData\component\work\sys\CoreUARTapb_0\rtl\vhdl\core\Tx_async.vhd|i|1462166191|11195
C:\proj\dev-kits\m1afs-adv-dev-kit\Core8051_Ext_SRAM_Int_XData\component\work\sys\CoreUARTapb_0\rtl\vhdl\core\fifo_256x8_fusion.vhd|i|1462166230|8430
C:\proj\dev-kits\m1afs-adv-dev-kit\Core8051_Ext_SRAM_Int_XData\component\work\sys\CoreUARTapb_0\rtl\vhdl\core\coreuart_pkg.vhd|i|1462166191|487
C:\proj\dev-kits\m1afs-adv-dev-kit\Core8051_Ext_SRAM_Int_XData\component\work\sys\CoreUARTapb_0\rtl\vhdl\core\CoreUART.vhd|i|1462166191|22257
C:\proj\dev-kits\m1afs-adv-dev-kit\Core8051_Ext_SRAM_Int_XData\component\work\sys\CoreUARTapb_0\rtl\vhdl\core\CoreUARTapb.vhd|i|1462166191|17722
C:\proj\dev-kits\m1afs-adv-dev-kit\Core8051_Ext_SRAM_Int_XData\component\Actel\DirectCore\CoreAPB3\4.1.100\rtl\vhdl\core\components.vhd|i|1438149326|6172
C:\proj\dev-kits\m1afs-adv-dev-kit\Core8051_Ext_SRAM_Int_XData\component\Actel\DirectCore\CoreGPIO\3.1.101\rtl\vhdl\core\components.vhd|i|1455272602|7134
C:\proj\dev-kits\m1afs-adv-dev-kit\Core8051_Ext_SRAM_Int_XData\component\work\sys\CoreUARTapb_0\rtl\vhdl\core\components.vhd|i|1462166191|2707
C:\proj\dev-kits\m1afs-adv-dev-kit\Core8051_Ext_SRAM_Int_XData\component\work\sys\sys.vhd|i|1462166230|35086
C:\proj\dev-kits\m1afs-adv-dev-kit\Core8051_Ext_SRAM_Int_XData\component\work\top_8051\top_8051.vhd|i|1462166687|14510
C:\Microsemi\Libero_SoC_v11.7\Synplify\bin\c_hdl.exe|i|1449201922|1295872
C:\Microsemi\Libero_SoC_v11.7\Synplify\bin64\c_hdl.exe|i|1449201924|1897472
